Started at Wed Sep 29 08:41:20 GMT 2021
Processing backup_jenkins
Offering backup_jenkins to Project Build Discarder
Processing build-and-push-docker-image
Offering build-and-push-docker-image to Project Build Discarder
Processing build_jenkins_predefined_data_image
Offering build_jenkins_predefined_data_image to Project Build Discarder
Processing clean-eth-adaptor
Offering clean-eth-adaptor to Project Build Discarder
Processing clean-Quorum-fresh-mode
Offering clean-Quorum-fresh-mode to Project Build Discarder
Processing clean_usecase_installation
Offering clean_usecase_installation to Project Build Discarder
Processing clean_usecase_using_blockchain
Offering clean_usecase_using_blockchain to Project Build Discarder
Processing deploy-eth-adaptor
Offering deploy-eth-adaptor to Project Build Discarder
Processing deploy-Quorum-fresh-mode
Offering deploy-Quorum-fresh-mode to Project Build Discarder
Processing deploy_usecase_installation
Offering deploy_usecase_installation to Project Build Discarder
Processing deploy_usecase_using_blockchain
Offering deploy_usecase_using_blockchain to Project Build Discarder
Finished at Wed Sep 29 08:41:20 GMT 2021. 3ms
Started at Wed Sep 29 09:41:20 GMT 2021
Processing backup_jenkins
Offering backup_jenkins to Project Build Discarder
Processing build-and-push-docker-image
Offering build-and-push-docker-image to Project Build Discarder
Processing build_jenkins_predefined_data_image
Offering build_jenkins_predefined_data_image to Project Build Discarder
Processing clean-eth-adaptor
Offering clean-eth-adaptor to Project Build Discarder
Processing clean-Quorum-fresh-mode
Offering clean-Quorum-fresh-mode to Project Build Discarder
Processing clean_usecase_installation
Offering clean_usecase_installation to Project Build Discarder
Processing clean_usecase_using_blockchain
Offering clean_usecase_using_blockchain to Project Build Discarder
Processing deploy-eth-adaptor
Offering deploy-eth-adaptor to Project Build Discarder
Processing deploy-Quorum-fresh-mode
Offering deploy-Quorum-fresh-mode to Project Build Discarder
Processing deploy_usecase_installation
Offering deploy_usecase_installation to Project Build Discarder
Processing deploy_usecase_using_blockchain
Offering deploy_usecase_using_blockchain to Project Build Discarder
Finished at Wed Sep 29 09:41:20 GMT 2021. 1ms
Started at Wed Sep 29 10:41:20 GMT 2021
Processing backup_jenkins
Offering backup_jenkins to Project Build Discarder
Processing build-and-push-docker-image
Offering build-and-push-docker-image to Project Build Discarder
Processing build_jenkins_predefined_data_image
Offering build_jenkins_predefined_data_image to Project Build Discarder
Processing clean-eth-adaptor
Offering clean-eth-adaptor to Project Build Discarder
Processing clean-Quorum-fresh-mode
Offering clean-Quorum-fresh-mode to Project Build Discarder
Processing clean_usecase_installation
Offering clean_usecase_installation to Project Build Discarder
Processing clean_usecase_using_blockchain
Offering clean_usecase_using_blockchain to Project Build Discarder
Processing deploy-eth-adaptor
Offering deploy-eth-adaptor to Project Build Discarder
Processing deploy-Quorum-fresh-mode
Offering deploy-Quorum-fresh-mode to Project Build Discarder
Processing deploy_usecase_installation
Offering deploy_usecase_installation to Project Build Discarder
Processing deploy_usecase_using_blockchain
Offering deploy_usecase_using_blockchain to Project Build Discarder
Finished at Wed Sep 29 10:41:20 GMT 2021. 0ms
Started at Wed Sep 29 11:41:20 GMT 2021
Processing backup_jenkins
Offering backup_jenkins to Project Build Discarder
Processing build-and-push-docker-image
Offering build-and-push-docker-image to Project Build Discarder
Processing build_jenkins_predefined_data_image
Offering build_jenkins_predefined_data_image to Project Build Discarder
Processing clean-eth-adaptor
Offering clean-eth-adaptor to Project Build Discarder
Processing clean-Quorum-fresh-mode
Offering clean-Quorum-fresh-mode to Project Build Discarder
Processing clean_usecase_installation
Offering clean_usecase_installation to Project Build Discarder
Processing clean_usecase_using_blockchain
Offering clean_usecase_using_blockchain to Project Build Discarder
Processing deploy-eth-adaptor
Offering deploy-eth-adaptor to Project Build Discarder
Processing deploy-Quorum-fresh-mode
Offering deploy-Quorum-fresh-mode to Project Build Discarder
Processing deploy_usecase_installation
Offering deploy_usecase_installation to Project Build Discarder
Processing deploy_usecase_using_blockchain
Offering deploy_usecase_using_blockchain to Project Build Discarder
Finished at Wed Sep 29 11:41:20 GMT 2021. 1ms
Started at Wed Sep 29 12:41:20 GMT 2021
Processing backup_jenkins
Offering backup_jenkins to Project Build Discarder
Processing build-and-push-docker-image
Offering build-and-push-docker-image to Project Build Discarder
Processing build_jenkins_predefined_data_image
Offering build_jenkins_predefined_data_image to Project Build Discarder
Processing clean-eth-adaptor
Offering clean-eth-adaptor to Project Build Discarder
Processing clean-Quorum-fresh-mode
Offering clean-Quorum-fresh-mode to Project Build Discarder
Processing clean_usecase_installation
Offering clean_usecase_installation to Project Build Discarder
Processing clean_usecase_using_blockchain
Offering clean_usecase_using_blockchain to Project Build Discarder
Processing deploy-eth-adaptor
Offering deploy-eth-adaptor to Project Build Discarder
Processing deploy-Quorum-fresh-mode
Offering deploy-Quorum-fresh-mode to Project Build Discarder
Processing deploy_usecase_installation
Offering deploy_usecase_installation to Project Build Discarder
Processing deploy_usecase_using_blockchain
Offering deploy_usecase_using_blockchain to Project Build Discarder
Finished at Wed Sep 29 12:41:20 GMT 2021. 9ms
