Started at Wed Feb 09 14:25:27 GMT 2022
Processing backup_jenkins
Offering backup_jenkins to Project Build Discarder
Processing build-and-push-docker-image
Offering build-and-push-docker-image to Project Build Discarder
Processing build_jenkins_predefined_data_image
Offering build_jenkins_predefined_data_image to Project Build Discarder
Processing clean-eth-adaptor
Offering clean-eth-adaptor to Project Build Discarder
Processing clean-Quorum-fresh-mode
Offering clean-Quorum-fresh-mode to Project Build Discarder
Processing clean_usecase_installation
Offering clean_usecase_installation to Project Build Discarder
Processing clean_usecase_using_blockchain
Offering clean_usecase_using_blockchain to Project Build Discarder
Processing deploy-eth-adaptor
Offering deploy-eth-adaptor to Project Build Discarder
Processing deploy-Quorum-fresh-mode
Offering deploy-Quorum-fresh-mode to Project Build Discarder
Processing deploy_usecase_installation
Offering deploy_usecase_installation to Project Build Discarder
Processing deploy_usecase_using_blockchain
Offering deploy_usecase_using_blockchain to Project Build Discarder
Finished at Wed Feb 09 14:25:27 GMT 2022. 6ms
Started at Wed Feb 09 15:25:27 GMT 2022
Processing backup_jenkins
Offering backup_jenkins to Project Build Discarder
Processing build-and-push-docker-image
Offering build-and-push-docker-image to Project Build Discarder
Processing build_jenkins_predefined_data_image
Offering build_jenkins_predefined_data_image to Project Build Discarder
Processing clean-eth-adaptor
Offering clean-eth-adaptor to Project Build Discarder
Processing clean-Quorum-fresh-mode
Offering clean-Quorum-fresh-mode to Project Build Discarder
Processing clean_usecase_installation
Offering clean_usecase_installation to Project Build Discarder
Processing clean_usecase_using_blockchain
Offering clean_usecase_using_blockchain to Project Build Discarder
Processing deploy-eth-adaptor
Offering deploy-eth-adaptor to Project Build Discarder
Processing deploy-Quorum-fresh-mode
Offering deploy-Quorum-fresh-mode to Project Build Discarder
Processing deploy_usecase_installation
Offering deploy_usecase_installation to Project Build Discarder
Processing deploy_usecase_using_blockchain
Offering deploy_usecase_using_blockchain to Project Build Discarder
Finished at Wed Feb 09 15:25:27 GMT 2022. 0ms
Started at Wed Feb 09 16:25:27 GMT 2022
Processing backup_jenkins
Offering backup_jenkins to Project Build Discarder
Processing build-and-push-docker-image
Offering build-and-push-docker-image to Project Build Discarder
Processing build_jenkins_predefined_data_image
Offering build_jenkins_predefined_data_image to Project Build Discarder
Processing clean-eth-adaptor
Offering clean-eth-adaptor to Project Build Discarder
Processing clean-Quorum-fresh-mode
Offering clean-Quorum-fresh-mode to Project Build Discarder
Processing clean_usecase_installation
Offering clean_usecase_installation to Project Build Discarder
Processing clean_usecase_using_blockchain
Offering clean_usecase_using_blockchain to Project Build Discarder
Processing deploy-eth-adaptor
Offering deploy-eth-adaptor to Project Build Discarder
Processing deploy-Quorum-fresh-mode
Offering deploy-Quorum-fresh-mode to Project Build Discarder
Processing deploy_usecase_installation
Offering deploy_usecase_installation to Project Build Discarder
Processing deploy_usecase_using_blockchain
Offering deploy_usecase_using_blockchain to Project Build Discarder
Finished at Wed Feb 09 16:25:27 GMT 2022. 1ms
Started at Wed Feb 09 17:25:27 GMT 2022
Processing backup_jenkins
Offering backup_jenkins to Project Build Discarder
Processing build-and-push-docker-image
Offering build-and-push-docker-image to Project Build Discarder
Processing build_jenkins_predefined_data_image
Offering build_jenkins_predefined_data_image to Project Build Discarder
Processing clean-eth-adaptor
Offering clean-eth-adaptor to Project Build Discarder
Processing clean-Quorum-fresh-mode
Offering clean-Quorum-fresh-mode to Project Build Discarder
Processing clean_usecase_installation
Offering clean_usecase_installation to Project Build Discarder
Processing clean_usecase_using_blockchain
Offering clean_usecase_using_blockchain to Project Build Discarder
Processing deploy-eth-adaptor
Offering deploy-eth-adaptor to Project Build Discarder
Processing deploy-Quorum-fresh-mode
Offering deploy-Quorum-fresh-mode to Project Build Discarder
Processing deploy_usecase_installation
Offering deploy_usecase_installation to Project Build Discarder
Processing deploy_usecase_using_blockchain
Offering deploy_usecase_using_blockchain to Project Build Discarder
Finished at Wed Feb 09 17:25:27 GMT 2022. 1ms
Started at Wed Feb 09 18:25:27 GMT 2022
Processing backup_jenkins
Offering backup_jenkins to Project Build Discarder
Processing build-and-push-docker-image
Offering build-and-push-docker-image to Project Build Discarder
Processing build_jenkins_predefined_data_image
Offering build_jenkins_predefined_data_image to Project Build Discarder
Processing clean-eth-adaptor
Offering clean-eth-adaptor to Project Build Discarder
Processing clean-Quorum-fresh-mode
Offering clean-Quorum-fresh-mode to Project Build Discarder
Processing clean_usecase_installation
Offering clean_usecase_installation to Project Build Discarder
Processing clean_usecase_using_blockchain
Offering clean_usecase_using_blockchain to Project Build Discarder
Processing deploy-eth-adaptor
Offering deploy-eth-adaptor to Project Build Discarder
Processing deploy-Quorum-fresh-mode
Offering deploy-Quorum-fresh-mode to Project Build Discarder
Processing deploy_usecase_installation
Offering deploy_usecase_installation to Project Build Discarder
Processing deploy_usecase_using_blockchain
Offering deploy_usecase_using_blockchain to Project Build Discarder
Finished at Wed Feb 09 18:25:27 GMT 2022. 1ms
Started at Wed Feb 09 19:25:27 GMT 2022
Processing backup_jenkins
Offering backup_jenkins to Project Build Discarder
Processing build-and-push-docker-image
Offering build-and-push-docker-image to Project Build Discarder
Processing build_jenkins_predefined_data_image
Offering build_jenkins_predefined_data_image to Project Build Discarder
Processing clean-eth-adaptor
Offering clean-eth-adaptor to Project Build Discarder
Processing clean-Quorum-fresh-mode
Offering clean-Quorum-fresh-mode to Project Build Discarder
Processing clean_usecase_installation
Offering clean_usecase_installation to Project Build Discarder
Processing clean_usecase_using_blockchain
Offering clean_usecase_using_blockchain to Project Build Discarder
Processing deploy-eth-adaptor
Offering deploy-eth-adaptor to Project Build Discarder
Processing deploy-Quorum-fresh-mode
Offering deploy-Quorum-fresh-mode to Project Build Discarder
Processing deploy_usecase_installation
Offering deploy_usecase_installation to Project Build Discarder
Processing deploy_usecase_using_blockchain
Offering deploy_usecase_using_blockchain to Project Build Discarder
Finished at Wed Feb 09 19:25:27 GMT 2022. 1ms
Started at Wed Feb 09 20:25:27 GMT 2022
Processing backup_jenkins
Offering backup_jenkins to Project Build Discarder
Processing build-and-push-docker-image
Offering build-and-push-docker-image to Project Build Discarder
Processing build_jenkins_predefined_data_image
Offering build_jenkins_predefined_data_image to Project Build Discarder
Processing clean-eth-adaptor
Offering clean-eth-adaptor to Project Build Discarder
Processing clean-Quorum-fresh-mode
Offering clean-Quorum-fresh-mode to Project Build Discarder
Processing clean_usecase_installation
Offering clean_usecase_installation to Project Build Discarder
Processing clean_usecase_using_blockchain
Offering clean_usecase_using_blockchain to Project Build Discarder
Processing deploy-eth-adaptor
Offering deploy-eth-adaptor to Project Build Discarder
Processing deploy-Quorum-fresh-mode
Offering deploy-Quorum-fresh-mode to Project Build Discarder
Processing deploy_usecase_installation
Offering deploy_usecase_installation to Project Build Discarder
Processing deploy_usecase_using_blockchain
Offering deploy_usecase_using_blockchain to Project Build Discarder
Finished at Wed Feb 09 20:25:27 GMT 2022. 1ms
Started at Wed Feb 09 21:25:27 GMT 2022
Processing backup_jenkins
Offering backup_jenkins to Project Build Discarder
Processing build-and-push-docker-image
Offering build-and-push-docker-image to Project Build Discarder
Processing build_jenkins_predefined_data_image
Offering build_jenkins_predefined_data_image to Project Build Discarder
Processing clean-eth-adaptor
Offering clean-eth-adaptor to Project Build Discarder
Processing clean-Quorum-fresh-mode
Offering clean-Quorum-fresh-mode to Project Build Discarder
Processing clean_usecase_installation
Offering clean_usecase_installation to Project Build Discarder
Processing clean_usecase_using_blockchain
Offering clean_usecase_using_blockchain to Project Build Discarder
Processing deploy-eth-adaptor
Offering deploy-eth-adaptor to Project Build Discarder
Processing deploy-Quorum-fresh-mode
Offering deploy-Quorum-fresh-mode to Project Build Discarder
Processing deploy_usecase_installation
Offering deploy_usecase_installation to Project Build Discarder
Processing deploy_usecase_using_blockchain
Offering deploy_usecase_using_blockchain to Project Build Discarder
Finished at Wed Feb 09 21:25:27 GMT 2022. 1ms
Started at Wed Feb 09 22:25:27 GMT 2022
Processing backup_jenkins
Offering backup_jenkins to Project Build Discarder
Processing build-and-push-docker-image
Offering build-and-push-docker-image to Project Build Discarder
Processing build_jenkins_predefined_data_image
Offering build_jenkins_predefined_data_image to Project Build Discarder
Processing clean-eth-adaptor
Offering clean-eth-adaptor to Project Build Discarder
Processing clean-Quorum-fresh-mode
Offering clean-Quorum-fresh-mode to Project Build Discarder
Processing clean_usecase_installation
Offering clean_usecase_installation to Project Build Discarder
Processing clean_usecase_using_blockchain
Offering clean_usecase_using_blockchain to Project Build Discarder
Processing deploy-eth-adaptor
Offering deploy-eth-adaptor to Project Build Discarder
Processing deploy-Quorum-fresh-mode
Offering deploy-Quorum-fresh-mode to Project Build Discarder
Processing deploy_usecase_installation
Offering deploy_usecase_installation to Project Build Discarder
Processing deploy_usecase_using_blockchain
Offering deploy_usecase_using_blockchain to Project Build Discarder
Finished at Wed Feb 09 22:25:27 GMT 2022. 3ms
Started at Wed Feb 09 23:25:27 GMT 2022
Processing backup_jenkins
Offering backup_jenkins to Project Build Discarder
Processing build-and-push-docker-image
Offering build-and-push-docker-image to Project Build Discarder
Processing build_jenkins_predefined_data_image
Offering build_jenkins_predefined_data_image to Project Build Discarder
Processing clean-eth-adaptor
Offering clean-eth-adaptor to Project Build Discarder
Processing clean-Quorum-fresh-mode
Offering clean-Quorum-fresh-mode to Project Build Discarder
Processing clean_usecase_installation
Offering clean_usecase_installation to Project Build Discarder
Processing clean_usecase_using_blockchain
Offering clean_usecase_using_blockchain to Project Build Discarder
Processing deploy-eth-adaptor
Offering deploy-eth-adaptor to Project Build Discarder
Processing deploy-Quorum-fresh-mode
Offering deploy-Quorum-fresh-mode to Project Build Discarder
Processing deploy_usecase_installation
Offering deploy_usecase_installation to Project Build Discarder
Processing deploy_usecase_using_blockchain
Offering deploy_usecase_using_blockchain to Project Build Discarder
Finished at Wed Feb 09 23:25:27 GMT 2022. 1ms
Started at Thu Feb 10 00:25:27 GMT 2022
Processing backup_jenkins
Offering backup_jenkins to Project Build Discarder
Processing build-and-push-docker-image
Offering build-and-push-docker-image to Project Build Discarder
Processing build_jenkins_predefined_data_image
Offering build_jenkins_predefined_data_image to Project Build Discarder
Processing clean-eth-adaptor
Offering clean-eth-adaptor to Project Build Discarder
Processing clean-Quorum-fresh-mode
Offering clean-Quorum-fresh-mode to Project Build Discarder
Processing clean_usecase_installation
Offering clean_usecase_installation to Project Build Discarder
Processing clean_usecase_using_blockchain
Offering clean_usecase_using_blockchain to Project Build Discarder
Processing deploy-eth-adaptor
Offering deploy-eth-adaptor to Project Build Discarder
Processing deploy-Quorum-fresh-mode
Offering deploy-Quorum-fresh-mode to Project Build Discarder
Processing deploy_usecase_installation
Offering deploy_usecase_installation to Project Build Discarder
Processing deploy_usecase_using_blockchain
Offering deploy_usecase_using_blockchain to Project Build Discarder
Finished at Thu Feb 10 00:25:27 GMT 2022. 1ms
Started at Thu Feb 10 01:25:27 GMT 2022
Processing backup_jenkins
Offering backup_jenkins to Project Build Discarder
Processing build-and-push-docker-image
Offering build-and-push-docker-image to Project Build Discarder
Processing build_jenkins_predefined_data_image
Offering build_jenkins_predefined_data_image to Project Build Discarder
Processing clean-eth-adaptor
Offering clean-eth-adaptor to Project Build Discarder
Processing clean-Quorum-fresh-mode
Offering clean-Quorum-fresh-mode to Project Build Discarder
Processing clean_usecase_installation
Offering clean_usecase_installation to Project Build Discarder
Processing clean_usecase_using_blockchain
Offering clean_usecase_using_blockchain to Project Build Discarder
Processing deploy-eth-adaptor
Offering deploy-eth-adaptor to Project Build Discarder
Processing deploy-Quorum-fresh-mode
Offering deploy-Quorum-fresh-mode to Project Build Discarder
Processing deploy_usecase_installation
Offering deploy_usecase_installation to Project Build Discarder
Processing deploy_usecase_using_blockchain
Offering deploy_usecase_using_blockchain to Project Build Discarder
Finished at Thu Feb 10 01:25:27 GMT 2022. 1ms
Started at Thu Feb 10 02:25:27 GMT 2022
Processing backup_jenkins
Offering backup_jenkins to Project Build Discarder
Processing build-and-push-docker-image
Offering build-and-push-docker-image to Project Build Discarder
Processing build_jenkins_predefined_data_image
Offering build_jenkins_predefined_data_image to Project Build Discarder
Processing clean-eth-adaptor
Offering clean-eth-adaptor to Project Build Discarder
Processing clean-Quorum-fresh-mode
Offering clean-Quorum-fresh-mode to Project Build Discarder
Processing clean_usecase_installation
Offering clean_usecase_installation to Project Build Discarder
Processing clean_usecase_using_blockchain
Offering clean_usecase_using_blockchain to Project Build Discarder
Processing deploy-eth-adaptor
Offering deploy-eth-adaptor to Project Build Discarder
Processing deploy-Quorum-fresh-mode
Offering deploy-Quorum-fresh-mode to Project Build Discarder
Processing deploy_usecase_installation
Offering deploy_usecase_installation to Project Build Discarder
Processing deploy_usecase_using_blockchain
Offering deploy_usecase_using_blockchain to Project Build Discarder
Finished at Thu Feb 10 02:25:27 GMT 2022. 1ms
Started at Thu Feb 10 03:25:27 GMT 2022
Processing backup_jenkins
Offering backup_jenkins to Project Build Discarder
Processing build-and-push-docker-image
Offering build-and-push-docker-image to Project Build Discarder
Processing build_jenkins_predefined_data_image
Offering build_jenkins_predefined_data_image to Project Build Discarder
Processing clean-eth-adaptor
Offering clean-eth-adaptor to Project Build Discarder
Processing clean-Quorum-fresh-mode
Offering clean-Quorum-fresh-mode to Project Build Discarder
Processing clean_usecase_installation
Offering clean_usecase_installation to Project Build Discarder
Processing clean_usecase_using_blockchain
Offering clean_usecase_using_blockchain to Project Build Discarder
Processing deploy-eth-adaptor
Offering deploy-eth-adaptor to Project Build Discarder
Processing deploy-Quorum-fresh-mode
Offering deploy-Quorum-fresh-mode to Project Build Discarder
Processing deploy_usecase_installation
Offering deploy_usecase_installation to Project Build Discarder
Processing deploy_usecase_using_blockchain
Offering deploy_usecase_using_blockchain to Project Build Discarder
Finished at Thu Feb 10 03:25:27 GMT 2022. 1ms
Started at Thu Feb 10 04:25:27 GMT 2022
Processing backup_jenkins
Offering backup_jenkins to Project Build Discarder
Processing build-and-push-docker-image
Offering build-and-push-docker-image to Project Build Discarder
Processing build_jenkins_predefined_data_image
Offering build_jenkins_predefined_data_image to Project Build Discarder
Processing clean-eth-adaptor
Offering clean-eth-adaptor to Project Build Discarder
Processing clean-Quorum-fresh-mode
Offering clean-Quorum-fresh-mode to Project Build Discarder
Processing clean_usecase_installation
Offering clean_usecase_installation to Project Build Discarder
Processing clean_usecase_using_blockchain
Offering clean_usecase_using_blockchain to Project Build Discarder
Processing deploy-eth-adaptor
Offering deploy-eth-adaptor to Project Build Discarder
Processing deploy-Quorum-fresh-mode
Offering deploy-Quorum-fresh-mode to Project Build Discarder
Processing deploy_usecase_installation
Offering deploy_usecase_installation to Project Build Discarder
Processing deploy_usecase_using_blockchain
Offering deploy_usecase_using_blockchain to Project Build Discarder
Finished at Thu Feb 10 04:25:27 GMT 2022. 1ms
Started at Thu Feb 10 05:25:27 GMT 2022
Processing backup_jenkins
Offering backup_jenkins to Project Build Discarder
Processing build-and-push-docker-image
Offering build-and-push-docker-image to Project Build Discarder
Processing build_jenkins_predefined_data_image
Offering build_jenkins_predefined_data_image to Project Build Discarder
Processing clean-eth-adaptor
Offering clean-eth-adaptor to Project Build Discarder
Processing clean-Quorum-fresh-mode
Offering clean-Quorum-fresh-mode to Project Build Discarder
Processing clean_usecase_installation
Offering clean_usecase_installation to Project Build Discarder
Processing clean_usecase_using_blockchain
Offering clean_usecase_using_blockchain to Project Build Discarder
Processing deploy-eth-adaptor
Offering deploy-eth-adaptor to Project Build Discarder
Processing deploy-Quorum-fresh-mode
Offering deploy-Quorum-fresh-mode to Project Build Discarder
Processing deploy_usecase_installation
Offering deploy_usecase_installation to Project Build Discarder
Processing deploy_usecase_using_blockchain
Offering deploy_usecase_using_blockchain to Project Build Discarder
Finished at Thu Feb 10 05:25:27 GMT 2022. 1ms
Started at Thu Feb 10 06:25:27 GMT 2022
Processing backup_jenkins
Offering backup_jenkins to Project Build Discarder
Processing build-and-push-docker-image
Offering build-and-push-docker-image to Project Build Discarder
Processing build_jenkins_predefined_data_image
Offering build_jenkins_predefined_data_image to Project Build Discarder
Processing clean-eth-adaptor
Offering clean-eth-adaptor to Project Build Discarder
Processing clean-Quorum-fresh-mode
Offering clean-Quorum-fresh-mode to Project Build Discarder
Processing clean_usecase_installation
Offering clean_usecase_installation to Project Build Discarder
Processing clean_usecase_using_blockchain
Offering clean_usecase_using_blockchain to Project Build Discarder
Processing deploy-eth-adaptor
Offering deploy-eth-adaptor to Project Build Discarder
Processing deploy-Quorum-fresh-mode
Offering deploy-Quorum-fresh-mode to Project Build Discarder
Processing deploy_usecase_installation
Offering deploy_usecase_installation to Project Build Discarder
Processing deploy_usecase_using_blockchain
Offering deploy_usecase_using_blockchain to Project Build Discarder
Finished at Thu Feb 10 06:25:27 GMT 2022. 1ms
Started at Thu Feb 10 07:25:27 GMT 2022
Processing backup_jenkins
Offering backup_jenkins to Project Build Discarder
Processing build-and-push-docker-image
Offering build-and-push-docker-image to Project Build Discarder
Processing build_jenkins_predefined_data_image
Offering build_jenkins_predefined_data_image to Project Build Discarder
Processing clean-eth-adaptor
Offering clean-eth-adaptor to Project Build Discarder
Processing clean-Quorum-fresh-mode
Offering clean-Quorum-fresh-mode to Project Build Discarder
Processing clean_usecase_installation
Offering clean_usecase_installation to Project Build Discarder
Processing clean_usecase_using_blockchain
Offering clean_usecase_using_blockchain to Project Build Discarder
Processing deploy-eth-adaptor
Offering deploy-eth-adaptor to Project Build Discarder
Processing deploy-Quorum-fresh-mode
Offering deploy-Quorum-fresh-mode to Project Build Discarder
Processing deploy_usecase_installation
Offering deploy_usecase_installation to Project Build Discarder
Processing deploy_usecase_using_blockchain
Offering deploy_usecase_using_blockchain to Project Build Discarder
Finished at Thu Feb 10 07:25:27 GMT 2022. 1ms
Started at Thu Feb 10 08:25:27 GMT 2022
Processing backup_jenkins
Offering backup_jenkins to Project Build Discarder
Processing build-and-push-docker-image
Offering build-and-push-docker-image to Project Build Discarder
Processing build_jenkins_predefined_data_image
Offering build_jenkins_predefined_data_image to Project Build Discarder
Processing clean-eth-adaptor
Offering clean-eth-adaptor to Project Build Discarder
Processing clean-Quorum-fresh-mode
Offering clean-Quorum-fresh-mode to Project Build Discarder
Processing clean_usecase_installation
Offering clean_usecase_installation to Project Build Discarder
Processing clean_usecase_using_blockchain
Offering clean_usecase_using_blockchain to Project Build Discarder
Processing deploy-eth-adaptor
Offering deploy-eth-adaptor to Project Build Discarder
Processing deploy-Quorum-fresh-mode
Offering deploy-Quorum-fresh-mode to Project Build Discarder
Processing deploy_usecase_installation
Offering deploy_usecase_installation to Project Build Discarder
Processing deploy_usecase_using_blockchain
Offering deploy_usecase_using_blockchain to Project Build Discarder
Finished at Thu Feb 10 08:25:27 GMT 2022. 1ms
