Started at Tue Sep 14 09:51:14 GMT 2021
Processing backup_jenkins
Offering backup_jenkins to Project Build Discarder
Processing build-and-push-docker-image
Offering build-and-push-docker-image to Project Build Discarder
Processing build_jenkins_predefined_data_image
Offering build_jenkins_predefined_data_image to Project Build Discarder
Processing clean-eth-adaptor
Offering clean-eth-adaptor to Project Build Discarder
Processing clean_usecase_installation
Offering clean_usecase_installation to Project Build Discarder
Processing clean_usecase_using_blockchain
Offering clean_usecase_using_blockchain to Project Build Discarder
Processing cleanup-Quorum-fresh-mode
Offering cleanup-Quorum-fresh-mode to Project Build Discarder
Processing deploy-eth-adaptor
Offering deploy-eth-adaptor to Project Build Discarder
Processing deploy-Quorum-fresh-mode
Offering deploy-Quorum-fresh-mode to Project Build Discarder
Processing deploy_usecase_using_blockchain
Offering deploy_usecase_using_blockchain to Project Build Discarder
Processing install_usecase_installation
Offering install_usecase_installation to Project Build Discarder
Processing test
Offering test to Project Build Discarder
Processing test_build_jenkins_predefined_data
Offering test_build_jenkins_predefined_data to Project Build Discarder
Processing test_env
Offering test_env to Project Build Discarder
Processing testremote
Offering testremote to Project Build Discarder
Finished at Tue Sep 14 09:51:14 GMT 2021. 3ms
