Started at Sun Sep 26 13:11:15 GMT 2021
Processing backup_jenkins
Offering backup_jenkins to Project Build Discarder
Processing build-and-push-docker-image
Offering build-and-push-docker-image to Project Build Discarder
Processing build_jenkins_predefined_data_image
Offering build_jenkins_predefined_data_image to Project Build Discarder
Processing clean-eth-adaptor
Offering clean-eth-adaptor to Project Build Discarder
Processing clean-Quorum-fresh-mode
Offering clean-Quorum-fresh-mode to Project Build Discarder
Processing clean_usecase_installation
Offering clean_usecase_installation to Project Build Discarder
Processing clean_usecase_using_blockchain
Offering clean_usecase_using_blockchain to Project Build Discarder
Processing deploy-eth-adaptor
Offering deploy-eth-adaptor to Project Build Discarder
Processing deploy-Quorum-fresh-mode
Offering deploy-Quorum-fresh-mode to Project Build Discarder
Processing deploy_usecase_installation
Offering deploy_usecase_installation to Project Build Discarder
Processing deploy_usecase_using_blockchain
Offering deploy_usecase_using_blockchain to Project Build Discarder
Finished at Sun Sep 26 13:11:15 GMT 2021. 1ms
Started at Sun Sep 26 14:11:15 GMT 2021
Processing backup_jenkins
Offering backup_jenkins to Project Build Discarder
Processing build-and-push-docker-image
Offering build-and-push-docker-image to Project Build Discarder
Processing build_jenkins_predefined_data_image
Offering build_jenkins_predefined_data_image to Project Build Discarder
Processing clean-eth-adaptor
Offering clean-eth-adaptor to Project Build Discarder
Processing clean-Quorum-fresh-mode
Offering clean-Quorum-fresh-mode to Project Build Discarder
Processing clean_usecase_installation
Offering clean_usecase_installation to Project Build Discarder
Processing clean_usecase_using_blockchain
Offering clean_usecase_using_blockchain to Project Build Discarder
Processing deploy-eth-adaptor
Offering deploy-eth-adaptor to Project Build Discarder
Processing deploy-Quorum-fresh-mode
Offering deploy-Quorum-fresh-mode to Project Build Discarder
Processing deploy_usecase_installation
Offering deploy_usecase_installation to Project Build Discarder
Processing deploy_usecase_using_blockchain
Offering deploy_usecase_using_blockchain to Project Build Discarder
Finished at Sun Sep 26 14:11:15 GMT 2021. 1ms
Started at Sun Sep 26 15:11:15 GMT 2021
Processing backup_jenkins
Offering backup_jenkins to Project Build Discarder
Processing build-and-push-docker-image
Offering build-and-push-docker-image to Project Build Discarder
Processing build_jenkins_predefined_data_image
Offering build_jenkins_predefined_data_image to Project Build Discarder
Processing clean-eth-adaptor
Offering clean-eth-adaptor to Project Build Discarder
Processing clean-Quorum-fresh-mode
Offering clean-Quorum-fresh-mode to Project Build Discarder
Processing clean_usecase_installation
Offering clean_usecase_installation to Project Build Discarder
Processing clean_usecase_using_blockchain
Offering clean_usecase_using_blockchain to Project Build Discarder
Processing deploy-eth-adaptor
Offering deploy-eth-adaptor to Project Build Discarder
Processing deploy-Quorum-fresh-mode
Offering deploy-Quorum-fresh-mode to Project Build Discarder
Processing deploy_usecase_installation
Offering deploy_usecase_installation to Project Build Discarder
Processing deploy_usecase_using_blockchain
Offering deploy_usecase_using_blockchain to Project Build Discarder
Finished at Sun Sep 26 15:11:15 GMT 2021. 1ms
Started at Sun Sep 26 16:11:15 GMT 2021
Processing backup_jenkins
Offering backup_jenkins to Project Build Discarder
Processing build-and-push-docker-image
Offering build-and-push-docker-image to Project Build Discarder
Processing build_jenkins_predefined_data_image
Offering build_jenkins_predefined_data_image to Project Build Discarder
Processing clean-eth-adaptor
Offering clean-eth-adaptor to Project Build Discarder
Processing clean-Quorum-fresh-mode
Offering clean-Quorum-fresh-mode to Project Build Discarder
Processing clean_usecase_installation
Offering clean_usecase_installation to Project Build Discarder
Processing clean_usecase_using_blockchain
Offering clean_usecase_using_blockchain to Project Build Discarder
Processing deploy-eth-adaptor
Offering deploy-eth-adaptor to Project Build Discarder
Processing deploy-Quorum-fresh-mode
Offering deploy-Quorum-fresh-mode to Project Build Discarder
Processing deploy_usecase_installation
Offering deploy_usecase_installation to Project Build Discarder
Processing deploy_usecase_using_blockchain
Offering deploy_usecase_using_blockchain to Project Build Discarder
Finished at Sun Sep 26 16:11:15 GMT 2021. 1ms
Started at Sun Sep 26 17:11:15 GMT 2021
Processing backup_jenkins
Offering backup_jenkins to Project Build Discarder
Processing build-and-push-docker-image
Offering build-and-push-docker-image to Project Build Discarder
Processing build_jenkins_predefined_data_image
Offering build_jenkins_predefined_data_image to Project Build Discarder
Processing clean-eth-adaptor
Offering clean-eth-adaptor to Project Build Discarder
Processing clean-Quorum-fresh-mode
Offering clean-Quorum-fresh-mode to Project Build Discarder
Processing clean_usecase_installation
Offering clean_usecase_installation to Project Build Discarder
Processing clean_usecase_using_blockchain
Offering clean_usecase_using_blockchain to Project Build Discarder
Processing deploy-eth-adaptor
Offering deploy-eth-adaptor to Project Build Discarder
Processing deploy-Quorum-fresh-mode
Offering deploy-Quorum-fresh-mode to Project Build Discarder
Processing deploy_usecase_installation
Offering deploy_usecase_installation to Project Build Discarder
Processing deploy_usecase_using_blockchain
Offering deploy_usecase_using_blockchain to Project Build Discarder
Finished at Sun Sep 26 17:11:15 GMT 2021. 1ms
Started at Sun Sep 26 18:11:15 GMT 2021
Processing backup_jenkins
Offering backup_jenkins to Project Build Discarder
Processing build-and-push-docker-image
Offering build-and-push-docker-image to Project Build Discarder
Processing build_jenkins_predefined_data_image
Offering build_jenkins_predefined_data_image to Project Build Discarder
Processing clean-eth-adaptor
Offering clean-eth-adaptor to Project Build Discarder
Processing clean-Quorum-fresh-mode
Offering clean-Quorum-fresh-mode to Project Build Discarder
Processing clean_usecase_installation
Offering clean_usecase_installation to Project Build Discarder
Processing clean_usecase_using_blockchain
Offering clean_usecase_using_blockchain to Project Build Discarder
Processing deploy-eth-adaptor
Offering deploy-eth-adaptor to Project Build Discarder
Processing deploy-Quorum-fresh-mode
Offering deploy-Quorum-fresh-mode to Project Build Discarder
Processing deploy_usecase_installation
Offering deploy_usecase_installation to Project Build Discarder
Processing deploy_usecase_using_blockchain
Offering deploy_usecase_using_blockchain to Project Build Discarder
Finished at Sun Sep 26 18:11:15 GMT 2021. 1ms
Started at Sun Sep 26 19:11:15 GMT 2021
Processing backup_jenkins
Offering backup_jenkins to Project Build Discarder
Processing build-and-push-docker-image
Offering build-and-push-docker-image to Project Build Discarder
Processing build_jenkins_predefined_data_image
Offering build_jenkins_predefined_data_image to Project Build Discarder
Processing clean-eth-adaptor
Offering clean-eth-adaptor to Project Build Discarder
Processing clean-Quorum-fresh-mode
Offering clean-Quorum-fresh-mode to Project Build Discarder
Processing clean_usecase_installation
Offering clean_usecase_installation to Project Build Discarder
Processing clean_usecase_using_blockchain
Offering clean_usecase_using_blockchain to Project Build Discarder
Processing deploy-eth-adaptor
Offering deploy-eth-adaptor to Project Build Discarder
Processing deploy-Quorum-fresh-mode
Offering deploy-Quorum-fresh-mode to Project Build Discarder
Processing deploy_usecase_installation
Offering deploy_usecase_installation to Project Build Discarder
Processing deploy_usecase_using_blockchain
Offering deploy_usecase_using_blockchain to Project Build Discarder
Finished at Sun Sep 26 19:11:15 GMT 2021. 1ms
Started at Sun Sep 26 20:11:15 GMT 2021
Processing backup_jenkins
Offering backup_jenkins to Project Build Discarder
Processing build-and-push-docker-image
Offering build-and-push-docker-image to Project Build Discarder
Processing build_jenkins_predefined_data_image
Offering build_jenkins_predefined_data_image to Project Build Discarder
Processing clean-eth-adaptor
Offering clean-eth-adaptor to Project Build Discarder
Processing clean-Quorum-fresh-mode
Offering clean-Quorum-fresh-mode to Project Build Discarder
Processing clean_usecase_installation
Offering clean_usecase_installation to Project Build Discarder
Processing clean_usecase_using_blockchain
Offering clean_usecase_using_blockchain to Project Build Discarder
Processing deploy-eth-adaptor
Offering deploy-eth-adaptor to Project Build Discarder
Processing deploy-Quorum-fresh-mode
Offering deploy-Quorum-fresh-mode to Project Build Discarder
Processing deploy_usecase_installation
Offering deploy_usecase_installation to Project Build Discarder
Processing deploy_usecase_using_blockchain
Offering deploy_usecase_using_blockchain to Project Build Discarder
Finished at Sun Sep 26 20:11:15 GMT 2021. 0ms
Started at Sun Sep 26 21:11:15 GMT 2021
Processing backup_jenkins
Offering backup_jenkins to Project Build Discarder
Processing build-and-push-docker-image
Offering build-and-push-docker-image to Project Build Discarder
Processing build_jenkins_predefined_data_image
Offering build_jenkins_predefined_data_image to Project Build Discarder
Processing clean-eth-adaptor
Offering clean-eth-adaptor to Project Build Discarder
Processing clean-Quorum-fresh-mode
Offering clean-Quorum-fresh-mode to Project Build Discarder
Processing clean_usecase_installation
Offering clean_usecase_installation to Project Build Discarder
Processing clean_usecase_using_blockchain
Offering clean_usecase_using_blockchain to Project Build Discarder
Processing deploy-eth-adaptor
Offering deploy-eth-adaptor to Project Build Discarder
Processing deploy-Quorum-fresh-mode
Offering deploy-Quorum-fresh-mode to Project Build Discarder
Processing deploy_usecase_installation
Offering deploy_usecase_installation to Project Build Discarder
Processing deploy_usecase_using_blockchain
Offering deploy_usecase_using_blockchain to Project Build Discarder
Finished at Sun Sep 26 21:11:15 GMT 2021. 1ms
Started at Sun Sep 26 22:11:15 GMT 2021
Processing backup_jenkins
Offering backup_jenkins to Project Build Discarder
Processing build-and-push-docker-image
Offering build-and-push-docker-image to Project Build Discarder
Processing build_jenkins_predefined_data_image
Offering build_jenkins_predefined_data_image to Project Build Discarder
Processing clean-eth-adaptor
Offering clean-eth-adaptor to Project Build Discarder
Processing clean-Quorum-fresh-mode
Offering clean-Quorum-fresh-mode to Project Build Discarder
Processing clean_usecase_installation
Offering clean_usecase_installation to Project Build Discarder
Processing clean_usecase_using_blockchain
Offering clean_usecase_using_blockchain to Project Build Discarder
Processing deploy-eth-adaptor
Offering deploy-eth-adaptor to Project Build Discarder
Processing deploy-Quorum-fresh-mode
Offering deploy-Quorum-fresh-mode to Project Build Discarder
Processing deploy_usecase_installation
Offering deploy_usecase_installation to Project Build Discarder
Processing deploy_usecase_using_blockchain
Offering deploy_usecase_using_blockchain to Project Build Discarder
Finished at Sun Sep 26 22:11:15 GMT 2021. 1ms
Started at Sun Sep 26 23:11:15 GMT 2021
Processing backup_jenkins
Offering backup_jenkins to Project Build Discarder
Processing build-and-push-docker-image
Offering build-and-push-docker-image to Project Build Discarder
Processing build_jenkins_predefined_data_image
Offering build_jenkins_predefined_data_image to Project Build Discarder
Processing clean-eth-adaptor
Offering clean-eth-adaptor to Project Build Discarder
Processing clean-Quorum-fresh-mode
Offering clean-Quorum-fresh-mode to Project Build Discarder
Processing clean_usecase_installation
Offering clean_usecase_installation to Project Build Discarder
Processing clean_usecase_using_blockchain
Offering clean_usecase_using_blockchain to Project Build Discarder
Processing deploy-eth-adaptor
Offering deploy-eth-adaptor to Project Build Discarder
Processing deploy-Quorum-fresh-mode
Offering deploy-Quorum-fresh-mode to Project Build Discarder
Processing deploy_usecase_installation
Offering deploy_usecase_installation to Project Build Discarder
Processing deploy_usecase_using_blockchain
Offering deploy_usecase_using_blockchain to Project Build Discarder
Finished at Sun Sep 26 23:11:15 GMT 2021. 1ms
Started at Mon Sep 27 00:11:15 GMT 2021
Processing backup_jenkins
Offering backup_jenkins to Project Build Discarder
Processing build-and-push-docker-image
Offering build-and-push-docker-image to Project Build Discarder
Processing build_jenkins_predefined_data_image
Offering build_jenkins_predefined_data_image to Project Build Discarder
Processing clean-eth-adaptor
Offering clean-eth-adaptor to Project Build Discarder
Processing clean-Quorum-fresh-mode
Offering clean-Quorum-fresh-mode to Project Build Discarder
Processing clean_usecase_installation
Offering clean_usecase_installation to Project Build Discarder
Processing clean_usecase_using_blockchain
Offering clean_usecase_using_blockchain to Project Build Discarder
Processing deploy-eth-adaptor
Offering deploy-eth-adaptor to Project Build Discarder
Processing deploy-Quorum-fresh-mode
Offering deploy-Quorum-fresh-mode to Project Build Discarder
Processing deploy_usecase_installation
Offering deploy_usecase_installation to Project Build Discarder
Processing deploy_usecase_using_blockchain
Offering deploy_usecase_using_blockchain to Project Build Discarder
Finished at Mon Sep 27 00:11:15 GMT 2021. 1ms
Started at Mon Sep 27 01:11:15 GMT 2021
Processing backup_jenkins
Offering backup_jenkins to Project Build Discarder
Processing build-and-push-docker-image
Offering build-and-push-docker-image to Project Build Discarder
Processing build_jenkins_predefined_data_image
Offering build_jenkins_predefined_data_image to Project Build Discarder
Processing clean-eth-adaptor
Offering clean-eth-adaptor to Project Build Discarder
Processing clean-Quorum-fresh-mode
Offering clean-Quorum-fresh-mode to Project Build Discarder
Processing clean_usecase_installation
Offering clean_usecase_installation to Project Build Discarder
Processing clean_usecase_using_blockchain
Offering clean_usecase_using_blockchain to Project Build Discarder
Processing deploy-eth-adaptor
Offering deploy-eth-adaptor to Project Build Discarder
Processing deploy-Quorum-fresh-mode
Offering deploy-Quorum-fresh-mode to Project Build Discarder
Processing deploy_usecase_installation
Offering deploy_usecase_installation to Project Build Discarder
Processing deploy_usecase_using_blockchain
Offering deploy_usecase_using_blockchain to Project Build Discarder
Finished at Mon Sep 27 01:11:15 GMT 2021. 1ms
Started at Mon Sep 27 02:11:15 GMT 2021
Processing backup_jenkins
Offering backup_jenkins to Project Build Discarder
Processing build-and-push-docker-image
Offering build-and-push-docker-image to Project Build Discarder
Processing build_jenkins_predefined_data_image
Offering build_jenkins_predefined_data_image to Project Build Discarder
Processing clean-eth-adaptor
Offering clean-eth-adaptor to Project Build Discarder
Processing clean-Quorum-fresh-mode
Offering clean-Quorum-fresh-mode to Project Build Discarder
Processing clean_usecase_installation
Offering clean_usecase_installation to Project Build Discarder
Processing clean_usecase_using_blockchain
Offering clean_usecase_using_blockchain to Project Build Discarder
Processing deploy-eth-adaptor
Offering deploy-eth-adaptor to Project Build Discarder
Processing deploy-Quorum-fresh-mode
Offering deploy-Quorum-fresh-mode to Project Build Discarder
Processing deploy_usecase_installation
Offering deploy_usecase_installation to Project Build Discarder
Processing deploy_usecase_using_blockchain
Offering deploy_usecase_using_blockchain to Project Build Discarder
Finished at Mon Sep 27 02:11:15 GMT 2021. 1ms
Started at Mon Sep 27 03:11:15 GMT 2021
Processing backup_jenkins
Offering backup_jenkins to Project Build Discarder
Processing build-and-push-docker-image
Offering build-and-push-docker-image to Project Build Discarder
Processing build_jenkins_predefined_data_image
Offering build_jenkins_predefined_data_image to Project Build Discarder
Processing clean-eth-adaptor
Offering clean-eth-adaptor to Project Build Discarder
Processing clean-Quorum-fresh-mode
Offering clean-Quorum-fresh-mode to Project Build Discarder
Processing clean_usecase_installation
Offering clean_usecase_installation to Project Build Discarder
Processing clean_usecase_using_blockchain
Offering clean_usecase_using_blockchain to Project Build Discarder
Processing deploy-eth-adaptor
Offering deploy-eth-adaptor to Project Build Discarder
Processing deploy-Quorum-fresh-mode
Offering deploy-Quorum-fresh-mode to Project Build Discarder
Processing deploy_usecase_installation
Offering deploy_usecase_installation to Project Build Discarder
Processing deploy_usecase_using_blockchain
Offering deploy_usecase_using_blockchain to Project Build Discarder
Finished at Mon Sep 27 03:11:15 GMT 2021. 1ms
Started at Mon Sep 27 04:11:15 GMT 2021
Processing backup_jenkins
Offering backup_jenkins to Project Build Discarder
Processing build-and-push-docker-image
Offering build-and-push-docker-image to Project Build Discarder
Processing build_jenkins_predefined_data_image
Offering build_jenkins_predefined_data_image to Project Build Discarder
Processing clean-eth-adaptor
Offering clean-eth-adaptor to Project Build Discarder
Processing clean-Quorum-fresh-mode
Offering clean-Quorum-fresh-mode to Project Build Discarder
Processing clean_usecase_installation
Offering clean_usecase_installation to Project Build Discarder
Processing clean_usecase_using_blockchain
Offering clean_usecase_using_blockchain to Project Build Discarder
Processing deploy-eth-adaptor
Offering deploy-eth-adaptor to Project Build Discarder
Processing deploy-Quorum-fresh-mode
Offering deploy-Quorum-fresh-mode to Project Build Discarder
Processing deploy_usecase_installation
Offering deploy_usecase_installation to Project Build Discarder
Processing deploy_usecase_using_blockchain
Offering deploy_usecase_using_blockchain to Project Build Discarder
Finished at Mon Sep 27 04:11:15 GMT 2021. 1ms
Started at Mon Sep 27 05:11:15 GMT 2021
Processing backup_jenkins
Offering backup_jenkins to Project Build Discarder
Processing build-and-push-docker-image
Offering build-and-push-docker-image to Project Build Discarder
Processing build_jenkins_predefined_data_image
Offering build_jenkins_predefined_data_image to Project Build Discarder
Processing clean-eth-adaptor
Offering clean-eth-adaptor to Project Build Discarder
Processing clean-Quorum-fresh-mode
Offering clean-Quorum-fresh-mode to Project Build Discarder
Processing clean_usecase_installation
Offering clean_usecase_installation to Project Build Discarder
Processing clean_usecase_using_blockchain
Offering clean_usecase_using_blockchain to Project Build Discarder
Processing deploy-eth-adaptor
Offering deploy-eth-adaptor to Project Build Discarder
Processing deploy-Quorum-fresh-mode
Offering deploy-Quorum-fresh-mode to Project Build Discarder
Processing deploy_usecase_installation
Offering deploy_usecase_installation to Project Build Discarder
Processing deploy_usecase_using_blockchain
Offering deploy_usecase_using_blockchain to Project Build Discarder
Finished at Mon Sep 27 05:11:15 GMT 2021. 1ms
Started at Mon Sep 27 06:11:15 GMT 2021
Processing backup_jenkins
Offering backup_jenkins to Project Build Discarder
Processing build-and-push-docker-image
Offering build-and-push-docker-image to Project Build Discarder
Processing build_jenkins_predefined_data_image
Offering build_jenkins_predefined_data_image to Project Build Discarder
Processing clean-eth-adaptor
Offering clean-eth-adaptor to Project Build Discarder
Processing clean-Quorum-fresh-mode
Offering clean-Quorum-fresh-mode to Project Build Discarder
Processing clean_usecase_installation
Offering clean_usecase_installation to Project Build Discarder
Processing clean_usecase_using_blockchain
Offering clean_usecase_using_blockchain to Project Build Discarder
Processing deploy-eth-adaptor
Offering deploy-eth-adaptor to Project Build Discarder
Processing deploy-Quorum-fresh-mode
Offering deploy-Quorum-fresh-mode to Project Build Discarder
Processing deploy_usecase_installation
Offering deploy_usecase_installation to Project Build Discarder
Processing deploy_usecase_using_blockchain
Offering deploy_usecase_using_blockchain to Project Build Discarder
Finished at Mon Sep 27 06:11:15 GMT 2021. 1ms
Started at Mon Sep 27 07:11:15 GMT 2021
Processing backup_jenkins
Offering backup_jenkins to Project Build Discarder
Processing build-and-push-docker-image
Offering build-and-push-docker-image to Project Build Discarder
Processing build_jenkins_predefined_data_image
Offering build_jenkins_predefined_data_image to Project Build Discarder
Processing clean-eth-adaptor
Offering clean-eth-adaptor to Project Build Discarder
Processing clean-Quorum-fresh-mode
Offering clean-Quorum-fresh-mode to Project Build Discarder
Processing clean_usecase_installation
Offering clean_usecase_installation to Project Build Discarder
Processing clean_usecase_using_blockchain
Offering clean_usecase_using_blockchain to Project Build Discarder
Processing deploy-eth-adaptor
Offering deploy-eth-adaptor to Project Build Discarder
Processing deploy-Quorum-fresh-mode
Offering deploy-Quorum-fresh-mode to Project Build Discarder
Processing deploy_usecase_installation
Offering deploy_usecase_installation to Project Build Discarder
Processing deploy_usecase_using_blockchain
Offering deploy_usecase_using_blockchain to Project Build Discarder
Finished at Mon Sep 27 07:11:15 GMT 2021. 1ms
Started at Mon Sep 27 08:11:15 GMT 2021
Processing backup_jenkins
Offering backup_jenkins to Project Build Discarder
Processing build-and-push-docker-image
Offering build-and-push-docker-image to Project Build Discarder
Processing build_jenkins_predefined_data_image
Offering build_jenkins_predefined_data_image to Project Build Discarder
Processing clean-eth-adaptor
Offering clean-eth-adaptor to Project Build Discarder
Processing clean-Quorum-fresh-mode
Offering clean-Quorum-fresh-mode to Project Build Discarder
Processing clean_usecase_installation
Offering clean_usecase_installation to Project Build Discarder
Processing clean_usecase_using_blockchain
Offering clean_usecase_using_blockchain to Project Build Discarder
Processing deploy-eth-adaptor
Offering deploy-eth-adaptor to Project Build Discarder
Processing deploy-Quorum-fresh-mode
Offering deploy-Quorum-fresh-mode to Project Build Discarder
Processing deploy_usecase_installation
Offering deploy_usecase_installation to Project Build Discarder
Processing deploy_usecase_using_blockchain
Offering deploy_usecase_using_blockchain to Project Build Discarder
Finished at Mon Sep 27 08:11:15 GMT 2021. 1ms
